<?xml version="1.0" encoding="UTF-8"?>
<testsuite xmlns:xsi="http://www.w3.org/2001/XMLSchema-instance" xsi:noNamespaceSchemaLocation="https://maven.apache.org/surefire/maven-surefire-plugin/xsd/surefire-test-report.xsd" version="3.0.2" name="com.twitterClone.twitterClone.TwitterCloneApplicationTests" time="3.215" tests="1" errors="0" skipped="0" failures="0">
  <properties>
[...]
</properties>
  <testcase name="contextLoads" classname="com.twitterClone.twitterClone.TwitterCloneApplicationTests" time="0.268">
    <system-out><![CDATA[02:24:49.278 [main] INFO org.springframework.test.context.support.AnnotationConfigContextLoaderUtils -- Could not detect default configuration classes for test class [com.twitterClone.twitterClone.TwitterCloneApplicationTests]: TwitterCloneApplicationTests does not declare any static, non-private, non-final, nested classes annotated with @Configuration.
02:24:49.330 [main] INFO org.springframework.boot.test.context.SpringBootTestContextBootstrapper -- Found @SpringBootConfiguration com.twitterClone.twitterClone.TwitterCloneApplication for test class com.twitterClone.twitterClone.TwitterCloneApplicationTests
02:24:49.403 [main] INFO org.springframework.boot.devtools.restart.RestartApplicationListener -- Restart disabled due to context in which it is running

  .   ____          _            __ _ _
 /\\ / ___'_ __ _ _(_)_ __  __ _ \ \ \ \
( ( )\___ | '_ | '_| | '_ \/ _` | \ \ \ \
 \\/  ___)| |_)| | | | | || (_| |  ) ) ) )
  '  |____| .__|_| |_|_| |_\__, | / / / /
 =========|_|==============|___/=/_/_/_/

 :: Spring Boot ::                (v3.4.3)

2025-03-28T02:24:49.533+03:00  INFO 6472 --- [twitterClone] [           main] c.t.t.TwitterCloneApplicationTests       : Starting TwitterCloneApplicationTests using Java 17.0.12 with PID 6472 (started by umitsahin in /Users/umitsahin/Documents/GitHub/FSWEB-s19-Challenge)
2025-03-28T02:24:49.536+03:00  INFO 6472 --- [twitterClone] [           main] c.t.t.TwitterCloneApplicationTests       : No active profile set, falling back to 1 default profile: "default"
2025-03-28T02:24:49.880+03:00  INFO 6472 --- [twitterClone] [           main] .s.d.r.c.RepositoryConfigurationDelegate : Bootstrapping Spring Data JPA repositories in DEFAULT mode.
2025-03-28T02:24:49.915+03:00  INFO 6472 --- [twitterClone] [           main] .s.d.r.c.RepositoryConfigurationDelegate : Finished Spring Data repository scanning in 30 ms. Found 6 JPA repository interfaces.
2025-03-28T02:24:50.139+03:00  INFO 6472 --- [twitterClone] [           main] o.hibernate.jpa.internal.util.LogHelper  : HHH000204: Processing PersistenceUnitInfo [name: default]
2025-03-28T02:24:50.168+03:00  INFO 6472 --- [twitterClone] [           main] org.hibernate.Version                    : HHH000412: Hibernate ORM core version 6.6.8.Final
2025-03-28T02:24:50.185+03:00  INFO 6472 --- [twitterClone] [           main] o.h.c.internal.RegionFactoryInitiator    : HHH000026: Second-level cache disabled
2025-03-28T02:24:50.326+03:00  INFO 6472 --- [twitterClone] [           main] o.s.o.j.p.SpringPersistenceUnitInfo      : No LoadTimeWeaver setup: ignoring JPA class transformer
2025-03-28T02:24:50.341+03:00  INFO 6472 --- [twitterClone] [           main] com.zaxxer.hikari.HikariDataSource       : HikariPool-1 - Starting...
2025-03-28T02:24:50.451+03:00  INFO 6472 --- [twitterClone] [           main] com.zaxxer.hikari.pool.HikariPool        : HikariPool-1 - Added connection org.postgresql.jdbc.PgConnection@39a7eca5
2025-03-28T02:24:50.452+03:00  INFO 6472 --- [twitterClone] [           main] com.zaxxer.hikari.HikariDataSource       : HikariPool-1 - Start completed.
2025-03-28T02:24:50.490+03:00  INFO 6472 --- [twitterClone] [           main] org.hibernate.orm.connections.pooling    : HHH10001005: Database info:
	Database JDBC URL [Connecting through datasource 'HikariDataSource (HikariPool-1)']
	Database driver: undefined/unknown
	Database version: 17.4
	Autocommit mode: undefined/unknown
	Isolation level: undefined/unknown
	Minimum pool size: undefined/unknown
	Maximum pool size: undefined/unknown
2025-03-28T02:24:51.055+03:00  INFO 6472 --- [twitterClone] [           main] o.h.e.t.j.p.i.JtaPlatformInitiator       : HHH000489: No JTA platform available (set 'hibernate.transaction.jta.platform' to enable JTA platform integration)
2025-03-28T02:24:51.310+03:00  INFO 6472 --- [twitterClone] [           main] j.LocalContainerEntityManagerFactoryBean : Initialized JPA EntityManagerFactory for persistence unit 'default'
2025-03-28T02:24:51.477+03:00  INFO 6472 --- [twitterClone] [           main] o.s.d.j.r.query.QueryEnhancerFactory     : Hibernate is in classpath; If applicable, HQL parser will be used.
2025-03-28T02:24:51.825+03:00  WARN 6472 --- [twitterClone] [           main] JpaBaseConfiguration$JpaWebConfiguration : spring.jpa.open-in-view is enabled by default. Therefore, database queries may be performed during view rendering. Explicitly configure spring.jpa.open-in-view to disable this warning
2025-03-28T02:24:51.838+03:00  INFO 6472 --- [twitterClone] [           main] r$InitializeUserDetailsManagerConfigurer : Global AuthenticationManager configured with UserDetailsService bean with name userService
2025-03-28T02:24:52.139+03:00  INFO 6472 --- [twitterClone] [           main] c.t.t.TwitterCloneApplicationTests       : Started TwitterCloneApplicationTests in 2.742 seconds (process running for 3.303)
]]></system-out>
  </testcase>
</testsuite>